     1                                  ; ; haribote-ipl
     2                                  ; ; TAB=4
     3                                  
     4                                  ; CYLS	EQU		10				; どこまで読み込むか
     5                                  
     6                                  ; 		ORG		0x7c00			; このプログラムがどこに読み込まれるのか
     7                                  
     8                                  ; ; 以下は標準的なFAT12フォーマットフロッピーディスクのための記述
     9                                  
    10                                  ; 		JMP		entry
    11                                  ; 		DB		0x90
    12                                  ; 		DB		"HARIBOTE"		; ブートセクタの名前を自由に書いてよい（8バイト）
    13                                  ; 		DW		512				; 1セクタの大きさ（512にしなければいけない）
    14                                  ; 		DB		1				; クラスタの大きさ（1セクタにしなければいけない）
    15                                  ; 		DW		1				; FATがどこから始まるか（普通は1セクタ目からにする）
    16                                  ; 		DB		2				; FATの個数（2にしなければいけない）
    17                                  ; 		DW		224				; ルートディレクトリ領域の大きさ（普通は224エントリにする）
    18                                  ; 		DW		2880			; このドライブの大きさ（2880セクタにしなければいけない）
    19                                  ; 		DB		0xf0			; メディアのタイプ（0xf0にしなければいけない）
    20                                  ; 		DW		9				; FAT領域の長さ（9セクタにしなければいけない）
    21                                  ; 		DW		18				; 1トラックにいくつのセクタがあるか（18にしなければいけない）
    22                                  ; 		DW		2				; ヘッドの数（2にしなければいけない）
    23                                  ; 		DD		0				; パーティションを使ってないのでここは必ず0
    24                                  ; 		DD		2880			; このドライブ大きさをもう一度書く
    25                                  ; 		DB		0,0,0x29		; よくわからないけどこの値にしておくといいらしい
    26                                  ; 		DD		0xffffffff		; たぶんボリュームシリアル番号
    27                                  ; 		DB		"HARIBOTEOS "	; ディスクの名前（11バイト）
    28                                  ; 		DB		"FAT12   "		; フォーマットの名前（8バイト）
    29                                  ; 		RESB	18				; とりあえず18バイトあけておく
    30                                  
    31                                  ; ; プログラム本体
    32                                  
    33                                  ; entry:
    34                                  ; 		MOV		AX,0			; レジスタ初期化
    35                                  ; 		MOV		SS,AX
    36                                  ; 		MOV		SP,0x7c00
    37                                  ; 		MOV		DS,AX
    38                                  
    39                                  ; ; ディスクを読む
    40                                  
    41                                  ; 		MOV		AX,0x0820
    42                                  ; 		MOV		ES,AX
    43                                  ; 		MOV		CH,0			; シリンダ0
    44                                  ; 		MOV		DH,0			; ヘッド0
    45                                  ; 		MOV		CL,2			; セクタ2
    46                                  ; readloop:
    47                                  ; 		MOV		SI,0			; 失敗回数を数えるレジスタ
    48                                  ; retry:
    49                                  ; 		MOV		AH,0x02			; AH=0x02 : ディスク読み込み
    50                                  ; 		MOV		AL,1			; 1セクタ
    51                                  ; 		MOV		BX,0
    52                                  ; 		MOV		DL,0x00			; Aドライブ
    53                                  ; 		INT		0x13			; ディスクBIOS呼び出し
    54                                  ; 		JNC		next			; エラーがおきなければnextへ
    55                                  ; 		ADD		SI,1			; SIに1を足す
    56                                  ; 		CMP		SI,5			; SIと5を比較
    57                                  ; 		JAE		error			; SI >= 5 だったらerrorへ
    58                                  ; 		MOV		AH,0x00
    59                                  ; 		MOV		DL,0x00			; Aドライブ
    60                                  ; 		INT		0x13			; ドライブのリセット
    61                                  ; 		JMP		retry
    62                                  ; next:
    63                                  ; 		MOV		AX,ES			; アドレスを0x200進める
    64                                  ; 		ADD		AX,0x0020
    65                                  ; 		MOV		ES,AX			; ADD ES,0x020 という命令がないのでこうしている
    66                                  ; 		ADD		CL,1			; CLに1を足す
    67                                  ; 		CMP		CL,18			; CLと18を比較
    68                                  ; 		JBE		readloop		; CL <= 18 だったらreadloopへ
    69                                  ; 		MOV		CL,1
    70                                  ; 		ADD		DH,1
    71                                  ; 		CMP		DH,2
    72                                  ; 		JB		readloop		; DH < 2 だったらreadloopへ
    73                                  ; 		MOV		DH,0
    74                                  ; 		ADD		CH,1
    75                                  ; 		CMP		CH,CYLS
    76                                  ; 		JB		readloop		; CH < CYLS だったらreadloopへ
    77                                  
    78                                  ; ; 読み終わったのでharibote.sysを実行だ！
    79                                  
    80                                  ; 		MOV		[0x0ff0],CH		; IPLがどこまで読んだのかをメモ
    81                                  ; 		JMP		0xc200
    82                                  
    83                                  ; error:
    84                                  ; 		MOV		SI,msg
    85                                  ; putloop:
    86                                  ; 		MOV		AL,[SI]
    87                                  ; 		ADD		SI,1			; SIに1を足す
    88                                  ; 		CMP		AL,0
    89                                  ; 		JE		fin
    90                                  ; 		MOV		AH,0x0e			; 一文字表示ファンクション
    91                                  ; 		MOV		BX,15			; カラーコード
    92                                  ; 		INT		0x10			; ビデオBIOS呼び出し
    93                                  ; 		JMP		putloop
    94                                  ; fin:
    95                                  ; 		HLT						; 何かあるまでCPUを停止させる
    96                                  ; 		JMP		fin				; 無限ループ
    97                                  ; msg:
    98                                  ; 		DB		0x0a, 0x0a		; 改行を2つ
    99                                  ; 		DB		"load error"
   100                                  ; 		DB		0x0a			; 改行
   101                                  ; 		DB		0
   102                                  
   103                                  ; 		RESB	0x7dfe-($-$$)		; 0x7dfeまでを0x00で埋める命令
   104                                  
   105                                  ; 		DB		0x55, 0xaa
   106                                  ; haribote-ipl
   107                                  ; TAB=4
   108                                  
   109                                  CYLS    EQU     10              ; どこまで読み込むか (CYLinderS)
   110                                  
   111                                          ORG     0x7c00          ; このプログラムがメモリ上のどこに読み込まれるか
   112                                  
   113                                  ; discription for floppy disk
   114 00000000 EB4E                            JMP     entry           ; BS_JmpBoot
   115 00000002 90                              DB      0x90            ; BS_JmpBoot
   116 00000003 48415249424F5445                DB      "HARIBOTE"      ; BS_OEMName    8B
   117 0000000B 0002                            DW      512             ; BPB_BytsPerSec
   118 0000000D 01                              DB      1               ; BPB_SecPerClu
   119 0000000E 0100                            DW      1               ; BPB_RevdSecCnt    : このBPBを含むブートセクタのみ
   120 00000010 02                              DB      2               ; BPB_NumFATs       : FATの個数 (このフィールドの値は常に2に設定すべきである)
   121 00000011 E000                            DW      224             ; BPB_RootEntCnt
   122 00000013 400B                            DW      2880            ; BPB_TotSec16
   123 00000015 F0                              DB      0xf0            ; BPB_Media
   124 00000016 0900                            DW      9               ; BPB_FATSz16
   125 00000018 1200                            DW      18              ; BPB_SecPerTrk
   126 0000001A 0200                            DW      2               ; BPB_NumHeads
   127 0000001C 00000000                        DD      0               ; BPB_HiddSec
   128 00000020 400B0000                        DD      2880            ; BPB_TotSec32
   129                                  
   130                                          ; FAT12/16におけるオフセット36以降のフィールド
   131 00000024 00                              DB      0x00            ; BS_DrvNum
   132 00000025 00                              DB      0x00            ; BS_Reserved1
   133 00000026 29                              DB      0x29            ; BS_BootSig
   134                                  
   135 00000027 FFFFFFFF                        DD      0xffffffff      ; BS_VolID
   136 0000002B 48415249424F54454F-             DB      "HARIBOTEOS "   ; BS_VolLab     11B
   136 00000034 5320               
   137 00000036 4641543132202020                DB      "FAT12   "      ; BS_FilSysType 8B
   138 0000003E <res 00000012>                  RESB    18              ; とりあえず18バイト開けておく
   138          ******************       warning: uninitialized space declared in .text section: zeroing
   139                                  
   140                                  
   141                                  ; START BS_BootCode 64(0x14)   448(0x1C0)
   142                                  entry:
   143 00000050 B80000                          MOV     AX, 0           ; initialize Accumulator(resister)
   144 00000053 8ED0                            MOV     SS, AX          ; Stack Segment
   145 00000055 BC007C                          MOV     SP, 0x7c00      ; Stack Pointer
   146 00000058 8ED8                            MOV     DS, AX          ; Data Segment      : 番地指定のとき重要
   147                                  
   148                                  
   149                                  ; load disk
   150 0000005A B82008                          MOV     AX, 0x0820
   151 0000005D 8EC0                            MOV     ES, AX          ; buffer address       0x0820
   152 0000005F B500                            MOV     CH, 0           ; cylinder  0
   153 00000061 B600                            MOV     DH, 0           ; head      0
   154 00000063 B102                            MOV     CL, 2           ; sector    2
   155                                  
   156                                  readloop:
   157 00000065 BE0000                          MOV     SI, 0           ; 失敗回数を数えるレジスタ
   158                                  
   159                                  retry:
   160 00000068 B402                            MOV     AH, 0x02        ; acumulator high   : 0x02 - read disk
   161 0000006A B001                            MOV     AL, 1           ; acumulator low    : sector    1
   162 0000006C BB0000                          MOV     BX, 0           ; buffer address    0x0000
   163                                                                  ; ES:BX, ESは代入済み
   164 0000006F B200                            MOV     DL, 0x00        ; data low          : drive number
   165 00000071 CD13                            INT     0x13            ; BIOS call
   166 00000073 7310                            JNC     next            ; jump if not carry
   167                                  
   168 00000075 83C601                          ADD     SI, 1           ; increment SI
   169 00000078 83FE05                          CMP     SI, 5
   170 0000007B 7332                            JAE     error           ; SI >= 5 then jump to error
   171                                  
   172 0000007D B400                            MOV     AH, 0x00        ; 0x00 - reset
   173 0000007F B200                            MOV     DL, 0x00        ; A drive
   174 00000081 CD13                            INT     0x13            ; reset drive
   175 00000083 EBE3                            JMP     retry
   176                                  
   177                                  next:
   178                                          ; add 0x20 to ES
   179                                          ; 代わりにBXに512を足してもよい
   180 00000085 8CC0                            MOV     AX, ES          ; 0x20だけアドレスを進める
   181 00000087 83C020                          ADD     AX, 0x0020      ; 512 / 16 = 0x20
   182 0000008A 8EC0                            MOV     ES, AX
   183                                  
   184                                          ; increment CL (sector number)
   185 0000008C 80C101                          ADD     CL, 1
   186 0000008F 80F912                          CMP     CL, 18
   187 00000092 76D1                            JBE     readloop
   188                                  
   189                                          ; ディスクのウラ面
   190 00000094 B101                            MOV     CL, 1           ; reset sector
   191 00000096 80C601                          ADD     DH, 1           ; reverse HEAD
   192 00000099 80FE02                          CMP     DH, 2
   193 0000009C 72C7                            JB      readloop
   194                                  
   195                                          ; next Cylinder
   196 0000009E B600                            mov     DH, 0           ; reset HEAd
   197 000000A0 80C501                          ADD     CH, 1           ; cylinder += 1
   198 000000A3 80FD0A                          CMP     CH, CYLS
   199 000000A6 72BD                            JB      readloop
   200                                  
   201                                  ; ブートセクタの読み込みが終わったのでOS本体を実行
   202 000000A8 882EF00F                		MOV		[0x0ff0],CH		; IPLがどこまで読んだのかをメモ
   203 000000AC E9(00C2)                        JMP     0xc200
   204                                  
   205                                  error:
   206 000000AF BE[C700]                        MOV     SI, msg
   207                                  
   208                                  putloop:
   209 000000B2 8A04                            MOV     AL, [SI]        ; BYTE (accumulator low)
   210 000000B4 83C601                          ADD     SI, 1           ; increment
   211 000000B7 3C00                            CMP     AL, 0           ; 終了条件
   212 000000B9 7409                            JE      fin             ; jump to fin if equal to 0
   213                                  
   214 000000BB B40E                            MOV     AH, 0x0e        ; 1 char-function
   215 000000BD BB0F00                          MOV     BX, 15          ; color code
   216 000000C0 CD10                            INT     0x10            ; interrupt, call BIOS
   217 000000C2 EBEE                            JMP     putloop
   218                                  
   219                                  fin:
   220 000000C4 F4                      		HLT						; 何かあるまでCPUを停止させる
   221 000000C5 EBFD                    		JMP		fin				; 無限ループ
   222                                  
   223                                  msg:
   224 000000C7 0A0A                            DB      0x0a, 0x0a
   225 000000C9 6C6F6164206572726F-             DB      "load error"
   225 000000D2 72                 
   226 000000D3 0A                              DB      0x0a
   227 000000D4 00                              DB      0               ; end point
   228                                  
   229 000000D5 <res 00000129>                  RESB    0x7dfe - 0x7c00 - ($ - $$)  ; 現在の場所から0x1fdまで(残りの未使用領域)を0で埋める。
   229          ******************       warning: uninitialized space declared in .text section: zeroing
   230                                                                              ; 0x7c00スタートなのでその分を引いている
   231                                  ; END BS_BootCode
   232 000001FE 55AA                            DB      0x55, 0xaa      ; BS_BootSign, boot signature
